-------------------------------------------------------------------------------
Test set: IndexTest.ParticularTests.NewsPageTest
-------------------------------------------------------------------------------
Tests run: 11, Failures: 1, Errors: 0, Skipped: 0, Time elapsed: 269.661 s <<< FAILURE! - in IndexTest.ParticularTests.NewsPageTest
countElementsFirstColumn(IndexTest.ParticularTests.NewsPageTest)  Time elapsed: 9.467 s  <<< FAILURE!
org.opentest4j.AssertionFailedError: Количество детей (10) не равно ожидаемому (7) ==> expected: <7> but was: <10>
	at IndexTest.ParticularTests.NewsPageTest.countElementsFirstColumn(NewsPageTest.java:67)

