-------------------------------------------------------------------------------
Test set: IndexTest.ParticularTests.NewsTests.AnimalsNewsPageTest
-------------------------------------------------------------------------------
Tests run: 1, Failures: 0, Errors: 1, Skipped: 0, Time elapsed: 0.004 s <<< FAILURE! - in IndexTest.ParticularTests.NewsTests.AnimalsNewsPageTest
initializationError(IndexTest.ParticularTests.NewsTests.AnimalsNewsPageTest)  Time elapsed: 0.002 s  <<< ERROR!
org.junit.runners.model.InvalidTestClassError: 
Invalid test class 'IndexTest.ParticularTests.NewsTests.AnimalsNewsPageTest':
  1. Method checkMoreNewsButtonAnimalsNews() should be public
  2. Method getTitlesReadAlsoTabAnimalsNews() should be public
  3. Method readAlsoCounterChildrenAnimalsNews() should be public
  4. Method clickMoreNewsButtonAnimalsNews() should be public
  5. Method MoscowTwentyFourCountChildrenAnimalsNews() should be public
  6. Method animalsNewsCountElementsFirstColumn() should be public
  7. Method explainingRFCountChildrenAnimalsNews() should be public
  8. Method getTitlesTopSevenAnimalsNewsTab() should be public
  9. Method TwentyFourSMICountChildrenAnimalsNews() should be public
  10. Method checkAnimalsURL() should be public
  11. Method animalsCheckTopLinks() should be public

