<?xml version="1.0" encoding="UTF-8"?>
<testsuite xmlns:xsi="http://www.w3.org/2001/XMLSchema-instance" xsi:noNamespaceSchemaLocation="https://maven.apache.org/surefire/maven-surefire-plugin/xsd/surefire-test-report.xsd" name="IndexTest.ParticularTests.NewsTests.AutoNewsPageTest" time="206.856" tests="11" errors="1" skipped="0" failures="0">
  <properties>
[...]
</properties>
  <testcase name="readAlsoCounterChildrenAutoNews" classname="IndexTest.ParticularTests.NewsTests.AutoNewsPageTest" time="7.566"/>
  <testcase name="getTitlesReadAlsoTabAutoNews" classname="IndexTest.ParticularTests.NewsTests.AutoNewsPageTest" time="5.599"/>
  <testcase name="explainingRFCountChildrenAutoNews" classname="IndexTest.ParticularTests.NewsTests.AutoNewsPageTest" time="5.448"/>
  <testcase name="checkAutoURL" classname="IndexTest.ParticularTests.NewsTests.AutoNewsPageTest" time="5.904"/>
  <testcase name="checkMoreNewsButtonAutoNews" classname="IndexTest.ParticularTests.NewsTests.AutoNewsPageTest" time="7.056"/>
  <testcase name="autoNewsCountElementsFirstColumn" classname="IndexTest.ParticularTests.NewsTests.AutoNewsPageTest" time="5.453"/>
  <testcase name="clickMoreNewsButtonAutoNews" classname="IndexTest.ParticularTests.NewsTests.AutoNewsPageTest" time="46.491">
    <error message="disconnected: Unable to receive message from renderer&#10;  (Session info: chrome=103.0.5060.134)&#10;Build info: version: &apos;4.3.0&apos;, revision: &apos;a4995e2c09*&apos;&#10;System info: host: &apos;Vladislavs-Air&apos;, ip: &apos;fe80:0:0:0:1c7e:14f8:3c2:5d4c%en0&apos;, os.name: &apos;Mac OS X&apos;, os.arch: &apos;x86_64&apos;, os.version: &apos;12.5&apos;, java.version: &apos;17.0.1&apos;&#10;Driver info: org.openqa.selenium.chrome.ChromeDriver&#10;Command: [c793df788c0508707b4fc05d4db1dbe1, getElementAttribute {id=c2d1e87c-3f98-498f-9af2-e387bcef0d8e, name=outerText}]&#10;Capabilities {acceptInsecureCerts: false, browserName: chrome, browserVersion: 103.0.5060.134, chrome: {chromedriverVersion: 103.0.5060.134 (8ec6fce403b..., userDataDir: /var/folders/vm/mz3yts9n3rj...}, goog:chromeOptions: {debuggerAddress: localhost:63460}, networkConnectionEnabled: false, pageLoadStrategy: normal, platformName: MAC, proxy: Proxy(), se:cdp: ws://localhost:63460/devtoo..., se:cdpVersion: 103.0.5060.134, setWindowRect: true, strictFileInteractability: false, timeouts: {implicit: 0, pageLoad: 300000, script: 30000}, unhandledPromptBehavior: dismiss and notify, webauthn:extension:credBlob: true, webauthn:extension:largeBlob: true, webauthn:virtualAuthenticators: true}&#10;Element: [[[[ChromeDriver: chrome on MAC (c793df788c0508707b4fc05d4db1dbe1)] -&gt; css selector: body &gt; section &gt; div.content-column.column1 &gt; section.section.section-content.section-visible &gt; div.articles-items.js-articles-items]] -&gt; class name: article-item]&#10;Session ID: c793df788c0508707b4fc05d4db1dbe1" type="org.openqa.selenium.WebDriverException">org.openqa.selenium.WebDriverException: 
disconnected: Unable to receive message from renderer
  (Session info: chrome=103.0.5060.134)
Build info: version: '4.3.0', revision: 'a4995e2c09*'
System info: host: 'Vladislavs-Air', ip: 'fe80:0:0:0:1c7e:14f8:3c2:5d4c%en0', os.name: 'Mac OS X', os.arch: 'x86_64', os.version: '12.5', java.version: '17.0.1'
Driver info: org.openqa.selenium.chrome.ChromeDriver
Command: [c793df788c0508707b4fc05d4db1dbe1, getElementAttribute {id=c2d1e87c-3f98-498f-9af2-e387bcef0d8e, name=outerText}]
Capabilities {acceptInsecureCerts: false, browserName: chrome, browserVersion: 103.0.5060.134, chrome: {chromedriverVersion: 103.0.5060.134 (8ec6fce403b..., userDataDir: /var/folders/vm/mz3yts9n3rj...}, goog:chromeOptions: {debuggerAddress: localhost:63460}, networkConnectionEnabled: false, pageLoadStrategy: normal, platformName: MAC, proxy: Proxy(), se:cdp: ws://localhost:63460/devtoo..., se:cdpVersion: 103.0.5060.134, setWindowRect: true, strictFileInteractability: false, timeouts: {implicit: 0, pageLoad: 300000, script: 30000}, unhandledPromptBehavior: dismiss and notify, webauthn:extension:credBlob: true, webauthn:extension:largeBlob: true, webauthn:virtualAuthenticators: true}
Element: [[[[ChromeDriver: chrome on MAC (c793df788c0508707b4fc05d4db1dbe1)] -> css selector: body > section > div.content-column.column1 > section.section.section-content.section-visible > div.articles-items.js-articles-items]] -> class name: article-item]
Session ID: c793df788c0508707b4fc05d4db1dbe1
	at IndexTest.ParticularTests.NewsTests.AutoNewsPageTest.clickMoreNewsButtonAutoNews(AutoNewsPageTest.java:147)
</error>
    <system-err><![CDATA[Starting ChromeDriver 103.0.5060.134 (8ec6fce403b3feb0869b0732eda8bd95011d333c-refs/branch-heads/5060@{#1262}) on port 57078
Only local connections are allowed.
Please see https://chromedriver.chromium.org/security-considerations for suggestions on keeping ChromeDriver safe.
ChromeDriver was started successfully.
Aug 23, 2022 3:31:18 PM org.openqa.selenium.remote.ProtocolHandshake createSession
INFO: Detected upstream dialect: W3C
Aug 23, 2022 3:31:18 PM org.openqa.selenium.devtools.CdpVersionFinder findNearestMatch
INFO: Found exact CDP implementation for version 103
[1661257921.759][SEVERE]: Unable to receive message from renderer
]]></system-err>
  </testcase>
  <testcase name="getTitlesTopSevenAutoNewsTab" classname="IndexTest.ParticularTests.NewsTests.AutoNewsPageTest" time="6.847"/>
  <testcase name="TwentyFourSMICountChildrenAutoNews" classname="IndexTest.ParticularTests.NewsTests.AutoNewsPageTest" time="4.725"/>
  <testcase name="checkTopLinks" classname="IndexTest.ParticularTests.NewsTests.AutoNewsPageTest" time="4.998"/>
  <testcase name="MoscowTwentyFourCountChildrenAutoNews" classname="IndexTest.ParticularTests.NewsTests.AutoNewsPageTest" time="106.758"/>
</testsuite>