<?xml version="1.0" encoding="UTF-8"?>
<testsuite xmlns:xsi="http://www.w3.org/2001/XMLSchema-instance" xsi:noNamespaceSchemaLocation="https://maven.apache.org/surefire/maven-surefire-plugin/xsd/surefire-test-report.xsd" name="IndexTest.ParticularTests.NewsTests.NatureNewsPageTest" time="144.238" tests="11" errors="0" skipped="0" failures="0">
  <properties>
[...]
</properties>
  <testcase name="readAlsoCounterChildrenNatureNews" classname="IndexTest.ParticularTests.NewsTests.NatureNewsPageTest" time="5.357"/>
  <testcase name="TwentyFourSMICountChildrenNatureNews" classname="IndexTest.ParticularTests.NewsTests.NatureNewsPageTest" time="5.191"/>
  <testcase name="clickMoreNewsButtonNatureNews" classname="IndexTest.ParticularTests.NewsTests.NatureNewsPageTest" time="92.104"/>
  <testcase name="explainingRFCountChildrenNatureNews" classname="IndexTest.ParticularTests.NewsTests.NatureNewsPageTest" time="5.157"/>
  <testcase name="getTitlesReadAlsoTabNatureNews" classname="IndexTest.ParticularTests.NewsTests.NatureNewsPageTest" time="5.783"/>
  <testcase name="natureCheckTopLinks" classname="IndexTest.ParticularTests.NewsTests.NatureNewsPageTest" time="4.738"/>
  <testcase name="checkMoreNewsButtonNatureNews" classname="IndexTest.ParticularTests.NewsTests.NatureNewsPageTest" time="5.996"/>
  <testcase name="MoscowTwentyFourCountChildrenNatureNews" classname="IndexTest.ParticularTests.NewsTests.NatureNewsPageTest" time="4.609"/>
  <testcase name="checkNatureURL" classname="IndexTest.ParticularTests.NewsTests.NatureNewsPageTest" time="5.622"/>
  <testcase name="getTitlesTopSevenNatureNewsTab" classname="IndexTest.ParticularTests.NewsTests.NatureNewsPageTest" time="5.112"/>
  <testcase name="natureNewsCountElementsFirstColumn" classname="IndexTest.ParticularTests.NewsTests.NatureNewsPageTest" time="4.561"/>
</testsuite>