<?xml version="1.0" encoding="UTF-8"?>
<testsuite xmlns:xsi="http://www.w3.org/2001/XMLSchema-instance" xsi:noNamespaceSchemaLocation="https://maven.apache.org/surefire/maven-surefire-plugin/xsd/surefire-test-report.xsd" name="IndexTest.ParticularTests.MapsTests.WindPageTests" time="101.383" tests="15" errors="0" skipped="0" failures="0">
  <properties>
[...]
</properties>
  <testcase name="checkFeruWindDateAndTimeList" classname="IndexTest.ParticularTests.MapsTests.WindPageTests" time="5.474"/>
  <testcase name="windEurWindMapLegendColours" classname="IndexTest.ParticularTests.MapsTests.WindPageTests" time="6.482"/>
  <testcase name="checkFeruWindTimeList" classname="IndexTest.ParticularTests.MapsTests.WindPageTests" time="5.7"/>
  <testcase name="mapsSibWindCheckURL" classname="IndexTest.ParticularTests.MapsTests.WindPageTests" time="5.264"/>
  <testcase name="checkEurWindDateAndTimeList" classname="IndexTest.ParticularTests.MapsTests.WindPageTests" time="5.163"/>
  <testcase name="windSibWindLegendGradient" classname="IndexTest.ParticularTests.MapsTests.WindPageTests" time="5.352"/>
  <testcase name="takeSibWindScreenshots" classname="IndexTest.ParticularTests.MapsTests.WindPageTests" time="11.216"/>
  <testcase name="checkEurWindTimeList" classname="IndexTest.ParticularTests.MapsTests.WindPageTests" time="5.804"/>
  <testcase name="checkSibWindDateAndTimeList" classname="IndexTest.ParticularTests.MapsTests.WindPageTests" time="4.721"/>
  <testcase name="windFeruWindLegendGradient" classname="IndexTest.ParticularTests.MapsTests.WindPageTests" time="5.166"/>
  <testcase name="takeFeruWindScreenshots" classname="IndexTest.ParticularTests.MapsTests.WindPageTests" time="11.586"/>
  <testcase name="mapsEurWindCheckURL" classname="IndexTest.ParticularTests.MapsTests.WindPageTests" time="5.319"/>
  <testcase name="takeEurWindMapScreenshots" classname="IndexTest.ParticularTests.MapsTests.WindPageTests" time="14.073"/>
  <testcase name="checkSibWindTimeList" classname="IndexTest.ParticularTests.MapsTests.WindPageTests" time="5.256"/>
  <testcase name="mapsFeruWindCheckURL" classname="IndexTest.ParticularTests.MapsTests.WindPageTests" time="4.804"/>
</testsuite>